make all --print-data-base --no-builtin-variables --no-builtin-rules --question
make: *** No rule to make target 'all'.  Stop.

# GNU Make 4.3
# Built for x86_64-pc-linux-gnu
# Copyright (C) 1988-2020 Free Software Foundation, Inc.
# License GPLv3+: GNU GPL version 3 or later <http://gnu.org/licenses/gpl.html>
# This is free software: you are free to change and redistribute it.
# There is NO WARRANTY, to the extent permitted by law.

# Make data base, printed on Fri Nov 18 20:56:16 2022

# Variables

# environment
GDK_BACKEND = x11
# environment
LC_ALL = C
# environment
GNOME_SHELL_SESSION_MODE = ubuntu
# environment
SSH_AGENT_LAUNCHER = gnome-keyring
# environment
SNAP_INSTANCE_KEY = 
# environment
GJS_DEBUG_OUTPUT = stderr
# environment
VSCODE_CWD = /home/brianz
# default
MAKE_COMMAND := make
# environment
QT_ACCESSIBILITY = 1
# environment
GOPATH = /home/brianz/go
# automatic
@D = $(patsubst %/,%,$(dir $@))
# environment
SNAP_INSTANCE_NAME = code
# environment
GDK_PIXBUF_MODULEDIR = /snap/code/112/usr/lib/x86_64-linux-gnu/gdk-pixbuf-2.0/2.10.0/loaders
# environment
VSCODE_HANDLES_UNCAUGHT_ERRORS = true
# default
.VARIABLES := 
# environment
PWD = /home/brianz/coding/portfolio_manager
# automatic
%D = $(patsubst %/,%,$(dir $%))
# environment
XDG_DATA_DIRS = /usr/share/ubuntu:/usr/local/share/:/usr/share/:/var/lib/snapd/desktop
# automatic
^D = $(patsubst %/,%,$(dir $^))
# automatic
%F = $(notdir $%)
# environment
VSCODE_CODE_CACHE_PATH = /home/brianz/.config/Code/CachedData/8fa188b2b301d36553cbc9ce1b0a146ccb93351f
# environment
LANG = C
# environment
XAUTHORITY = /run/user/1000/.mutter-Xwaylandauth.Q37DV1
# default
.LOADED := 
# default
.INCLUDE_DIRS = /usr/local/include /usr/include /usr/include
# makefile
MAKEFLAGS = pqrR
# makefile
CURDIR := /home/brianz/coding/portfolio_manager
# environment
APPLICATION_INSIGHTS_NO_DIAGNOSTIC_CHANNEL = 1
# environment
LESSOPEN = | /usr/bin/lesspipe %s
# automatic
*D = $(patsubst %/,%,$(dir $*))
# environment
MFLAGS = -pqrR
# environment
SSH_AUTH_SOCK = /run/user/1000/keyring/ssh
# default
.SHELLFLAGS := -c
# environment
WAYLAND_DISPLAY = wayland-0
# environment
XDG_CONFIG_DIRS = /etc/xdg/xdg-ubuntu:/etc/xdg
# automatic
+D = $(patsubst %/,%,$(dir $+))
# environment
XDG_SESSION_DESKTOP = ubuntu
# makefile (from 'Makefile', line 1)
MAKEFILE_LIST := Makefile
# environment
SNAP_REEXEC = 
# automatic
@F = $(notdir $@)
# environment
VSCODE_PID = 1466708
# environment
XDG_SESSION_TYPE = wayland
# automatic
?D = $(patsubst %/,%,$(dir $?))
# environment
BAMF_DESKTOP_FILE_HINT = /var/lib/snapd/desktop/applications/code_code.desktop
# environment
SESSION_MANAGER = local/brianz-Latitude-5400:@/tmp/.ICE-unix/1194,unix/brianz-Latitude-5400:/tmp/.ICE-unix/1194
# automatic
*F = $(notdir $*)
# environment
CHROME_DESKTOP = code-url-handler.desktop
# environment
DBUS_SESSION_BUS_ADDRESS = unix:path=/run/user/1000/bus
# automatic
<D = $(patsubst %/,%,$(dir $<))
# environment
VSCODE_NLS_CONFIG = {"locale":"en-us","availableLanguages":{},"_languagePackSupport":true}
# default
MAKE_HOST := x86_64-pc-linux-gnu
# environment
GNOME_DESKTOP_SESSION_ID = this-is-deprecated
# makefile
SHELL = /bin/sh
# default
MAKECMDGOALS := all
# environment
XMODIFIERS = @im=ibus
# environment
GJS_DEBUG_TOPICS = JS ERROR;JS LOG
# environment
SHLVL = 0
# environment
MAKELEVEL := 0
# environment
IM_CONFIG_CHECK_ENV = 1
# default
MAKE = $(MAKE_COMMAND)
# environment
SNAP_COOKIE = 6cELwwixMNG-Odf6zelW4Nd1OHkillVEdiTn9YmEo_1HExyaVpLB
# environment
PATH = /snap/go/current/bin:/home/brianz/.local/bin:/home/brianz/.local/bin:/usr/local/sbin:/usr/local/bin:/usr/sbin:/usr/bin:/sbin:/bin:/usr/games:/usr/local/games:/snap/bin:/snap/bin
# default
MAKEFILES := 
# automatic
^F = $(notdir $^)
# environment
SNAP_USER_COMMON = /home/brianz/snap/code/common
# environment
SNAP = /snap/code/112
# environment
INVOCATION_ID = d9d027fee69145cf881a993b13da3c47
# environment
SNAP_REVISION = 112
# environment
SNAP_REAL_HOME = /home/brianz
# environment
USERNAME = brianz
# environment
GNOME_SETUP_DISPLAY = :1
# environment
LESSCLOSE = /usr/bin/lesspipe %s %s
# automatic
?F = $(notdir $?)
# environment
XDG_CURRENT_DESKTOP = Unity
# environment
LS_COLORS = 
# automatic
+F = $(notdir $+)
# environment
DESKTOP_SESSION = ubuntu
# environment
ORIGINAL_XDG_CURRENT_DESKTOP = ubuntu:GNOME
# 'override' directive
GNUMAKEFLAGS := 
# environment
LOGNAME = brianz
# environment
GIO_LAUNCHED_DESKTOP_FILE = /var/lib/snapd/desktop/applications/code_code.desktop
# environment
SNAP_ARCH = amd64
# makefile
.DEFAULT_GOAL := default
# environment
SYSTEMD_EXEC_PID = 1221
# environment
DISPLAY = :0
# environment
USER = brianz
# environment
GTK_MODULES = gail:atk-bridge
# default
MAKE_VERSION := 4.3
# environment
SNAP_DATA = /var/snap/code/112
# environment
SNAP_CONTEXT = 6cELwwixMNG-Odf6zelW4Nd1OHkillVEdiTn9YmEo_1HExyaVpLB
# environment
MANAGERPID = 1046
# environment
GIO_LAUNCHED_DESKTOP_FILE_PID = 1466659
# environment
_ = /snap/code/112/usr/share/code/code
# environment
XDG_RUNTIME_DIR = /run/user/1000
# environment
GDK_PIXBUF_MODULE_FILE = /home/brianz/snap/code/common/.cache/gdk-pixbuf-loaders.cache
# environment
JOURNAL_STREAM = 8:30678
# environment
GOMODCACHE = /home/brianz/go/pkg/mod
# environment
XDG_SESSION_CLASS = user
# environment
VSCODE_AMD_ENTRYPOINT = vs/workbench/api/node/extensionHostProcess
# environment
HOME = /home/brianz
# environment
QT_IM_MODULE = ibus
# environment
ELECTRON_RUN_AS_NODE = 1
# environment
VSCODE_IPC_HOOK = /run/user/1000/vscode-66360ad1-1.73.0-main.sock
# environment
SNAP_NAME = code
# environment
GSETTINGS_SCHEMA_DIR = /snap/code/112/usr/share/glib-2.0/schemas
# environment
IM_CONFIG_PHASE = 1
# environment
GOPROXY = https://proxy.golang.org,direct
# default
.RECIPEPREFIX := 
# automatic
<F = $(notdir $<)
# environment
SNAP_VERSION = 8fa188b2
# default
SUFFIXES := 
# environment
VSCODE_CLI = 1
# environment
ELECTRON_NO_ATTACH_CONSOLE = 1
# environment
SNAP_COMMON = /var/snap/code/common
# default
.FEATURES := target-specific order-only second-expansion else-if shortest-stem undefine oneshell nocomment grouped-target extra-prereqs archives jobserver output-sync check-symlink load
# environment
SNAP_USER_DATA = /home/brianz/snap/code/112
# environment
XDG_MENU_PREFIX = gnome-
# environment
GDMSESSION = ubuntu
# environment
SNAP_LIBRARY_PATH = /var/lib/snapd/lib/gl:/var/lib/snapd/lib/gl32:/var/lib/snapd/void
# variable set hash-table stats:
# Load=119/1024=12%, Rehash=0, Collisions=4/149=3%

# Pattern-specific Variable Values

# No pattern-specific variable values.

# Directories

# . (device 66306, inode 6557716): 13 files, no impossibilities.

# 13 files, no impossibilities in 1 directories.

# Implicit Rules

# No implicit rules.

# Files

default: build
#  Implicit rule search has not been done.
#  Modification time never checked.
#  File has not been updated.

# Not a target:
Makefile:
#  Implicit rule search has been done.
#  Last modified 2022-11-12 12:41:58.939151429
#  File has been updated.
#  Successfully updated.

 
clean:
#  Implicit rule search has not been done.
#  Modification time never checked.
#  File has not been updated.
#  recipe to execute (from 'Makefile', line 12):
	docker login
	docker-compose down --remove-orphans 
	docker image prune -a
	docker network prune

# Not a target:
.DEFAULT:
#  Implicit rule search has not been done.
#  Modification time never checked.
#  File has not been updated.

# Not a target:
all:
#  Command line target.
#  Implicit rule search has been done.
#  File does not exist.
#  File has not been updated.

# Not a target:
build:
#  Implicit rule search has not been done.
#  Modification time never checked.
#  File has not been updated.

run-local:
#  Implicit rule search has not been done.
#  Modification time never checked.
#  File has not been updated.
#  recipe to execute (from 'Makefile', line 4):
	docker login
	docker build --target="frontend" --tag frontend .
	docker build --target="backend" --tag backend .
	docker-compose -f docker-compose.yml build
	docker-compose -f docker-compose.yml up

# files hash-table stats:
# Load=8/1024=1%, Rehash=0, Collisions=0/19=0%
# VPATH Search Paths

# No 'vpath' search paths.

# No general ('VPATH' variable) search path.

# strcache buffers: 1 (0) / strings = 22 / storage = 199 B / avg = 9 B
# current buf: size = 8162 B / used = 199 B / count = 22 / avg = 9 B

# strcache performance: lookups = 29 / hit rate = 24%
# hash-table stats:
# Load=22/8192=0%, Rehash=0, Collisions=0/29=0%
# Finished Make data base on Fri Nov 18 20:56:16 2022

 
